*** log/myMachine-gun.log	2017-09-06 17:50:53.000000000 +0200
--- log/zazMachine-gun.log	2017-09-06 17:50:53.000000000 +0200
***************
*** 508,514 ****
  It is now cycle 398
  It is now cycle 399
  It is now cycle 400
- P    1 | st r0 5
  ADV 2 (0x0107 -> 0x0109) 03 00 
  It is now cycle 401
  It is now cycle 402
--- 508,513 ----
***************
*** 544,551 ****
  It is now cycle 426
  It is now cycle 427
  It is now cycle 428
! P    1 | st r0 0
! ADV 2 (0x0120 -> 0x0122) 00 00 
  It is now cycle 429
  It is now cycle 430
  It is now cycle 431
--- 543,550 ----
  It is now cycle 426
  It is now cycle 427
  It is now cycle 428
! P    1 | st r5 0
! ADV 5 (0x0120 -> 0x0125) 00 00 00 00 00 
  It is now cycle 429
  It is now cycle 430
  It is now cycle 431
***************
*** 571,581 ****
  It is now cycle 451
  It is now cycle 452
  It is now cycle 453
  It is now cycle 454
  It is now cycle 455
  It is now cycle 456
- P    1 | zjmp -298 FAILED
- ADV 3 (0x012a -> 0x012d) 09 fe d6 
  It is now cycle 457
  It is now cycle 458
  It is now cycle 459
--- 570,580 ----
  It is now cycle 451
  It is now cycle 452
  It is now cycle 453
+ P    1 | zjmp -298 FAILED
+ ADV 3 (0x012a -> 0x012d) 09 fe d6 
  It is now cycle 454
  It is now cycle 455
  It is now cycle 456
  It is now cycle 457
  It is now cycle 458
  It is now cycle 459
