7400,7401c7400,7401
< Process 11 hasn't lived for 4608 cycles (CTD 1536)
< Process 7 hasn't lived for 4608 cycles (CTD 1536)
---
> Process 11 hasn't lived for 1713 cycles (CTD 1536)
> Process 7 hasn't lived for 2723 cycles (CTD 1536)
11456,11457d11455
< P   16 | ld 0 r1
< ADV 7 (0x0f86 -> 0x0f8d) 02 90 00 00 00 00 01 
11543,11544c11541
< P   16 | zjmp -7 OK
< ÿADV 3 (0x007e -> 0x0081) 10 40 01 
---
> ADV 3 (0x007e -> 0x0081) 10 40 01 
11564,11565d11560
< P   16 | ld 0 r1
< ADV 7 (0x0f86 -> 0x0f8d) 02 90 00 00 00 00 01 
11657d11651
< P   16 | zjmp -7 OK
11678,11679d11671
< P   16 | ld 0 r1
< ADV 7 (0x0f86 -> 0x0f8d) 02 90 00 00 00 00 01 
11764d11755
< P   16 | zjmp -7 OK
11789,11790d11779
< P   16 | ld 0 r1
< ADV 7 (0x0f86 -> 0x0f8d) 02 90 00 00 00 00 01 
11882d11870
< P   16 | zjmp -7 OK
11906,11907d11893
< P   16 | ld 0 r1
< ADV 7 (0x0f86 -> 0x0f8d) 02 90 00 00 00 00 01 
11975a11962,11963
> P   16 | ld 0 r1
> ADV 7 (0x0f86 -> 0x0f8d) 02 90 00 00 00 00 01 
11998d11985
< P   16 | zjmp -7 OK
12020,12021d12006
< P   16 | ld 0 r1
< ADV 7 (0x0f86 -> 0x0f8d) 02 90 00 00 00 00 01 
12067a12053
> P   16 | zjmp -7 OK
12091a12078,12079
> P   16 | ld 0 r1
> ADV 7 (0x0f86 -> 0x0f8d) 02 90 00 00 00 00 01 
12115d12102
< P   16 | zjmp -7 OK
12136,12137d12122
< P   16 | ld 0 r1
< ADV 7 (0x0f86 -> 0x0f8d) 02 90 00 00 00 00 01 
12176a12162
> P   16 | zjmp -7 OK
12197a12184,12185
> P   16 | ld 0 r1
> ADV 7 (0x0f86 -> 0x0f8d) 02 90 00 00 00 00 01 
12217d12204
< P   16 | zjmp -7 OK
12244,12245d12230
< P   16 | ld 0 r1
< ADV 7 (0x0f86 -> 0x0f8d) 02 90 00 00 00 00 01 
12292a12278
> P   16 | zjmp -7 OK
12313a12300,12301
> P   16 | ld 0 r1
> ADV 7 (0x0f86 -> 0x0f8d) 02 90 00 00 00 00 01 
12335d12322
< P   16 | zjmp -7 OK
12358,12359d12344
< P   16 | ld 0 r1
< ADV 7 (0x0f86 -> 0x0f8d) 02 90 00 00 00 00 01 
12401a12387
> P   16 | zjmp -7 OK
12425a12412,12413
> P   16 | ld 0 r1
> ADV 7 (0x0f86 -> 0x0f8d) 02 90 00 00 00 00 01 
12446d12433
< P   16 | zjmp -7 OK
12466,12467d12452
< P   16 | ld 0 r1
< ADV 7 (0x0f86 -> 0x0f8d) 02 90 00 00 00 00 01 
12512a12498
> P   16 | zjmp -7 OK
12537a12524,12525
> P   16 | ld 0 r1
> ADV 7 (0x0f86 -> 0x0f8d) 02 90 00 00 00 00 01 
12565d12552
< P   16 | zjmp -7 OK
12590,12591d12576
< P   16 | ld 0 r1
< ADV 7 (0x0f86 -> 0x0f8d) 02 90 00 00 00 00 01 
12636a12622
> P   16 | zjmp -7 OK
12658a12645,12646
> P   16 | ld 0 r1
> ADV 7 (0x0f86 -> 0x0f8d) 02 90 00 00 00 00 01 
12687d12674
< P   16 | zjmp -7 OK
12716,12717d12702
< P   16 | ld 0 r1
< ADV 7 (0x0f86 -> 0x0f8d) 02 90 00 00 00 00 01 
12776a12762
> P   16 | zjmp -7 OK
12801a12788,12789
> P   16 | ld 0 r1
> ADV 7 (0x0f86 -> 0x0f8d) 02 90 00 00 00 00 01 
12825d12812
< P   16 | zjmp -7 OK
12855,12856d12841
< P   16 | ld 0 r1
< ADV 7 (0x0f86 -> 0x0f8d) 02 90 00 00 00 00 01 
12912a12898
> P   16 | zjmp -7 OK
12945a12932,12933
> P   16 | ld 0 r1
> ADV 7 (0x0f86 -> 0x0f8d) 02 90 00 00 00 00 01 
12975d12962
< P   16 | zjmp -7 OK
13001,13002d12987
< P   16 | ld 0 r1
< ADV 7 (0x0f86 -> 0x0f8d) 02 90 00 00 00 00 01 
13061a13047
> P   16 | zjmp -7 OK
13089a13076,13077
> P   16 | ld 0 r1
> ADV 7 (0x0f86 -> 0x0f8d) 02 90 00 00 00 00 01 
13118d13105
< P   16 | zjmp -7 OK
13148,13149d13134
< P   16 | ld 0 r1
< ADV 7 (0x0f86 -> 0x0f8d) 02 90 00 00 00 00 01 
13205a13191
> P   16 | zjmp -7 OK
13232a13219,13220
> P   16 | ld 0 r1
> ADV 7 (0x0f86 -> 0x0f8d) 02 90 00 00 00 00 01 
13263d13250
< P   16 | zjmp -7 OK
13292,13293d13278
< P   16 | ld 0 r1
< ADV 7 (0x0f86 -> 0x0f8d) 02 90 00 00 00 00 01 
13350a13336
> P   16 | zjmp -7 OK
13378a13365,13366
> P   16 | ld 0 r1
> ADV 7 (0x0f86 -> 0x0f8d) 02 90 00 00 00 00 01 
13404d13391
< P   16 | zjmp -7 OK
13407,13409c13394,13396
< Process 21 hasn't lived for 6094 cycles (CTD 1486)
< Process 16 hasn't lived for 6094 cycles (CTD 1486)
< Process 15 hasn't lived for 6094 cycles (CTD 1486)
---
> Process 21 hasn't lived for 1579 cycles (CTD 1486)
> Process 16 hasn't lived for 2189 cycles (CTD 1486)
> Process 15 hasn't lived for 2589 cycles (CTD 1486)
15785c15772
< ÿADV 3 (0x007e -> 0x0081) 10 40 01 
---
> ADV 3 (0x007e -> 0x0081) 10 40 01 
21050,21051d21036
< P   29 | ld 0 r1
< ADV 7 (0x0f86 -> 0x0f8d) 02 90 00 00 00 00 01 
21188,21190c21173,21174
< P   29 | zjmp -7 OK
< ÿADV 3 (0x007e -> 0x0081) 10 40 01 
< ÿADV 3 (0x007e -> 0x0081) 10 40 01 
---
> ADV 3 (0x007e -> 0x0081) 10 40 01 
> ADV 3 (0x007e -> 0x0081) 10 40 01 
21226,21227d21209
< P   29 | ld 0 r1
< ADV 7 (0x0f86 -> 0x0f8d) 02 90 00 00 00 00 01 
21389d21370
< P   29 | zjmp -7 OK
21425,21426d21405
< P   29 | ld 0 r1
< ADV 7 (0x0f86 -> 0x0f8d) 02 90 00 00 00 00 01 
21578d21556
< P   29 | zjmp -7 OK
21617,21618d21594
< P   29 | ld 0 r1
< ADV 7 (0x0f86 -> 0x0f8d) 02 90 00 00 00 00 01 
21761d21736
< P   29 | zjmp -7 OK
21800,21801d21774
< P   29 | ld 0 r1
< ADV 7 (0x0f86 -> 0x0f8d) 02 90 00 00 00 00 01 
21910a21884,21885
> P   29 | ld 0 r1
> ADV 7 (0x0f86 -> 0x0f8d) 02 90 00 00 00 00 01 
21947d21921
< P   29 | zjmp -7 OK
21983,21984d21956
< P   29 | ld 0 r1
< ADV 7 (0x0f86 -> 0x0f8d) 02 90 00 00 00 00 01 
22066a22039
> P   29 | zjmp -7 OK
22109a22083,22084
> P   29 | ld 0 r1
> ADV 7 (0x0f86 -> 0x0f8d) 02 90 00 00 00 00 01 
22149d22123
< P   29 | zjmp -7 OK
22184,22185d22157
< P   29 | ld 0 r1
< ADV 7 (0x0f86 -> 0x0f8d) 02 90 00 00 00 00 01 
22254a22227
> P   29 | zjmp -7 OK
22291a22265,22266
> P   29 | ld 0 r1
> ADV 7 (0x0f86 -> 0x0f8d) 02 90 00 00 00 00 01 
22328d22302
< P   29 | zjmp -7 OK
22372,22373d22345
< P   29 | ld 0 r1
< ADV 7 (0x0f86 -> 0x0f8d) 02 90 00 00 00 00 01 
22443a22416
> P   29 | zjmp -7 OK
22478a22452,22453
> P   29 | ld 0 r1
> ADV 7 (0x0f86 -> 0x0f8d) 02 90 00 00 00 00 01 
22512d22486
< P   29 | zjmp -7 OK
22549,22550d22522
< P   29 | ld 0 r1
< ADV 7 (0x0f86 -> 0x0f8d) 02 90 00 00 00 00 01 
22628a22601
> P   29 | zjmp -7 OK
22665,22666c22638,22639
< Process 29 hasn't lived for 7530 cycles (CTD 1436)
< Process 27 hasn't lived for 7530 cycles (CTD 1436)
---
> Process 29 hasn't lived for 2005 cycles (CTD 1436)
> Process 27 hasn't lived for 2405 cycles (CTD 1436)
28044,28045c28017,28018
< ÿADV 3 (0x007e -> 0x0081) 10 40 01 
< ÿADV 3 (0x007e -> 0x0081) 10 40 01 
---
> ADV 3 (0x007e -> 0x0081) 10 40 01 
> ADV 3 (0x007e -> 0x0081) 10 40 01 
36052,36054c36025,36027
< Process 46 hasn't lived for 8916 cycles (CTD 1386)
< Process 43 hasn't lived for 8916 cycles (CTD 1386)
< Process 35 hasn't lived for 8916 cycles (CTD 1386)
---
> Process 46 hasn't lived for 1771 cycles (CTD 1386)
> Process 43 hasn't lived for 2171 cycles (CTD 1386)
> Process 35 hasn't lived for 2781 cycles (CTD 1386)
36504,36505c36477,36478
< ÿADV 3 (0x007e -> 0x0081) 10 40 01 
< ÿADV 3 (0x007e -> 0x0081) 10 40 01 
---
> ADV 3 (0x007e -> 0x0081) 10 40 01 
> ADV 3 (0x007e -> 0x0081) 10 40 01 
36511c36484
< ÿADV 3 (0x007e -> 0x0081) 10 40 01 
---
> ADV 3 (0x007e -> 0x0081) 10 40 01 
46810,46812c46783,46785
< ÿADV 3 (0x007e -> 0x0081) 10 40 01 
< ÿADV 3 (0x007e -> 0x0081) 10 40 01 
< ÿADV 3 (0x007e -> 0x0081) 10 40 01 
---
> ADV 3 (0x007e -> 0x0081) 10 40 01 
> ADV 3 (0x007e -> 0x0081) 10 40 01 
> ADV 3 (0x007e -> 0x0081) 10 40 01 
53984,53986c53957,53959
< Process 67 hasn't lived for 10252 cycles (CTD 1336)
< Process 63 hasn't lived for 10252 cycles (CTD 1336)
< Process 53 hasn't lived for 10252 cycles (CTD 1336)
---
> Process 67 hasn't lived for 1487 cycles (CTD 1336)
> Process 63 hasn't lived for 1887 cycles (CTD 1336)
> Process 53 hasn't lived for 2497 cycles (CTD 1336)
59160,59162c59133,59135
< ÿADV 3 (0x007e -> 0x0081) 10 40 01 
< ÿADV 3 (0x007e -> 0x0081) 10 40 01 
< ÿADV 3 (0x007e -> 0x0081) 10 40 01 
---
> ADV 3 (0x007e -> 0x0081) 10 40 01 
> ADV 3 (0x007e -> 0x0081) 10 40 01 
> ADV 3 (0x007e -> 0x0081) 10 40 01 
59173c59146
< ÿADV 3 (0x007e -> 0x0081) 10 40 01 
---
> ADV 3 (0x007e -> 0x0081) 10 40 01 
73785,73788c73758,73761
< ÿADV 3 (0x007e -> 0x0081) 10 40 01 
< ÿADV 3 (0x007e -> 0x0081) 10 40 01 
< ÿADV 3 (0x007e -> 0x0081) 10 40 01 
< ÿADV 3 (0x007e -> 0x0081) 10 40 01 
---
> ADV 3 (0x007e -> 0x0081) 10 40 01 
> ADV 3 (0x007e -> 0x0081) 10 40 01 
> ADV 3 (0x007e -> 0x0081) 10 40 01 
> ADV 3 (0x007e -> 0x0081) 10 40 01 
76741,76742c76714,76715
< Process 87 hasn't lived for 11538 cycles (CTD 1286)
< Process 75 hasn't lived for 11538 cycles (CTD 1286)
---
> Process 87 hasn't lived for 1553 cycles (CTD 1286)
> Process 75 hasn't lived for 2163 cycles (CTD 1286)
90443,90444d90415
< P   92 | ld 0 r1
< ADV 7 (0x0f86 -> 0x0f8d) 02 90 00 00 00 00 01 
90880,90884c90851,90854
< P   92 | zjmp -7 OK
< ÿADV 3 (0x007e -> 0x0081) 10 40 01 
< ÿADV 3 (0x007e -> 0x0081) 10 40 01 
< ÿADV 3 (0x007e -> 0x0081) 10 40 01 
< ÿADV 3 (0x007e -> 0x0081) 10 40 01 
---
> ADV 3 (0x007e -> 0x0081) 10 40 01 
> ADV 3 (0x007e -> 0x0081) 10 40 01 
> ADV 3 (0x007e -> 0x0081) 10 40 01 
> ADV 3 (0x007e -> 0x0081) 10 40 01 
90900c90870
< ÿADV 3 (0x007e -> 0x0081) 10 40 01 
---
> ADV 3 (0x007e -> 0x0081) 10 40 01 
90998,90999d90967
< P   92 | ld 0 r1
< ADV 7 (0x0f86 -> 0x0f8d) 02 90 00 00 00 00 01 
91477d91444
< P   92 | zjmp -7 OK
91588,91589d91554
< P   92 | ld 0 r1
< ADV 7 (0x0f86 -> 0x0f8d) 02 90 00 00 00 00 01 
92054d92018
< P   92 | zjmp -7 OK
92167,92168d92130
< P   92 | ld 0 r1
< ADV 7 (0x0f86 -> 0x0f8d) 02 90 00 00 00 00 01 
92621d92582
< P   92 | zjmp -7 OK
92738,92739d92698
< P   92 | ld 0 r1
< ADV 7 (0x0f86 -> 0x0f8d) 02 90 00 00 00 00 01 
93075a93035,93036
> P   92 | ld 0 r1
> ADV 7 (0x0f86 -> 0x0f8d) 02 90 00 00 00 00 01 
93187d93147
< P   92 | zjmp -7 OK
93303,93304d93262
< P   92 | ld 0 r1
< ADV 7 (0x0f86 -> 0x0f8d) 02 90 00 00 00 00 01 
93541a93500
> P   92 | zjmp -7 OK
93665a93625,93626
> P   92 | ld 0 r1
> ADV 7 (0x0f86 -> 0x0f8d) 02 90 00 00 00 00 01 
93777d93737
< P   92 | zjmp -7 OK
93885,93886d93844
< P   92 | ld 0 r1
< ADV 7 (0x0f86 -> 0x0f8d) 02 90 00 00 00 00 01 
94102a94061
> P   92 | zjmp -7 OK
94218a94178,94179
> P   92 | ld 0 r1
> ADV 7 (0x0f86 -> 0x0f8d) 02 90 00 00 00 00 01 
94335d94295
< P   92 | zjmp -7 OK
94457,94458d94416
< P   92 | ld 0 r1
< ADV 7 (0x0f86 -> 0x0f8d) 02 90 00 00 00 00 01 
94683a94642
> P   92 | zjmp -7 OK
94792a94752,94753
> P   92 | ld 0 r1
> ADV 7 (0x0f86 -> 0x0f8d) 02 90 00 00 00 00 01 
94907d94867
< P   92 | zjmp -7 OK
95021,95022d94980
< P   92 | ld 0 r1
< ADV 7 (0x0f86 -> 0x0f8d) 02 90 00 00 00 00 01 
95259a95218
> P   92 | zjmp -7 OK
95372a95332,95333
> P   92 | ld 0 r1
> ADV 7 (0x0f86 -> 0x0f8d) 02 90 00 00 00 00 01 
95480d95440
< P   92 | zjmp -7 OK
95592,95593d95551
< P   92 | ld 0 r1
< ADV 7 (0x0f86 -> 0x0f8d) 02 90 00 00 00 00 01 
95825a95784
> P   92 | zjmp -7 OK
95948a95908,95909
> P   92 | ld 0 r1
> ADV 7 (0x0f86 -> 0x0f8d) 02 90 00 00 00 00 01 
96072d96032
< P   92 | zjmp -7 OK
96188,96189d96147
< P   92 | ld 0 r1
< ADV 7 (0x0f86 -> 0x0f8d) 02 90 00 00 00 00 01 
96404a96363
> P   92 | zjmp -7 OK
96519a96479,96480
> P   92 | ld 0 r1
> ADV 7 (0x0f86 -> 0x0f8d) 02 90 00 00 00 00 01 
96642d96602
< P   92 | zjmp -7 OK
96767,96768d96726
< P   92 | ld 0 r1
< ADV 7 (0x0f86 -> 0x0f8d) 02 90 00 00 00 00 01 
97014a96973
> P   92 | zjmp -7 OK
97121a97081,97082
> P   92 | ld 0 r1
> ADV 7 (0x0f86 -> 0x0f8d) 02 90 00 00 00 00 01 
97234d97194
< P   92 | zjmp -7 OK
97352,97353d97311
< P   92 | ld 0 r1
< ADV 7 (0x0f86 -> 0x0f8d) 02 90 00 00 00 00 01 
97603a97562
> P   92 | zjmp -7 OK
97732a97692,97693
> P   92 | ld 0 r1
> ADV 7 (0x0f86 -> 0x0f8d) 02 90 00 00 00 00 01 
97855d97815
< P   92 | zjmp -7 OK
97967,97968d97926
< P   92 | ld 0 r1
< ADV 7 (0x0f86 -> 0x0f8d) 02 90 00 00 00 00 01 
98207a98166
> P   92 | zjmp -7 OK
98329a98289,98290
> P   92 | ld 0 r1
> ADV 7 (0x0f86 -> 0x0f8d) 02 90 00 00 00 00 01 
98452d98412
< P   92 | zjmp -7 OK
98583,98584d98542
< P   92 | ld 0 r1
< ADV 7 (0x0f86 -> 0x0f8d) 02 90 00 00 00 00 01 
98818a98777
> P   92 | zjmp -7 OK
98942a98902,98903
> P   92 | ld 0 r1
> ADV 7 (0x0f86 -> 0x0f8d) 02 90 00 00 00 00 01 
99067d99027
< P   92 | zjmp -7 OK
99194,99195d99153
< P   92 | ld 0 r1
< ADV 7 (0x0f86 -> 0x0f8d) 02 90 00 00 00 00 01 
99451a99410
> P   92 | zjmp -7 OK
99575a99535,99536
> P   92 | ld 0 r1
> ADV 7 (0x0f86 -> 0x0f8d) 02 90 00 00 00 00 01 
99694d99654
< P   92 | zjmp -7 OK
99816,99817d99775
< P   92 | ld 0 r1
< ADV 7 (0x0f86 -> 0x0f8d) 02 90 00 00 00 00 01 
100073a100032
> P   92 | zjmp -7 OK
100201a100161,100162
> P   92 | ld 0 r1
> ADV 7 (0x0f86 -> 0x0f8d) 02 90 00 00 00 00 01 
100341d100301
< P   92 | zjmp -7 OK
100469,100470d100428
< P   92 | ld 0 r1
< ADV 7 (0x0f86 -> 0x0f8d) 02 90 00 00 00 00 01 
100709a100668
> P   92 | zjmp -7 OK
100834a100794,100795
> P   92 | ld 0 r1
> ADV 7 (0x0f86 -> 0x0f8d) 02 90 00 00 00 00 01 
100961d100921
< P   92 | zjmp -7 OK
101098,101099d101057
< P   92 | ld 0 r1
< ADV 7 (0x0f86 -> 0x0f8d) 02 90 00 00 00 00 01 
101368a101327
> P   92 | zjmp -7 OK
101491a101451,101452
> P   92 | ld 0 r1
> ADV 7 (0x0f86 -> 0x0f8d) 02 90 00 00 00 00 01 
101612d101572
< P   92 | zjmp -7 OK
101736,101737d101695
< P   92 | ld 0 r1
< ADV 7 (0x0f86 -> 0x0f8d) 02 90 00 00 00 00 01 
101995a101954
> P   92 | zjmp -7 OK
102131a102091,102092
> P   92 | ld 0 r1
> ADV 7 (0x0f86 -> 0x0f8d) 02 90 00 00 00 00 01 
102260d102220
< P   92 | zjmp -7 OK
102379,102380d102338
< P   92 | ld 0 r1
< ADV 7 (0x0f86 -> 0x0f8d) 02 90 00 00 00 00 01 
102631a102590
> P   92 | zjmp -7 OK
102760a102720,102721
> P   92 | ld 0 r1
> ADV 7 (0x0f86 -> 0x0f8d) 02 90 00 00 00 00 01 
102892d102852
< P   92 | zjmp -7 OK
103025,103026d102984
< P   92 | ld 0 r1
< ADV 7 (0x0f86 -> 0x0f8d) 02 90 00 00 00 00 01 
103266a103225
> P   92 | zjmp -7 OK
103386a103346,103347
> P   92 | ld 0 r1
> ADV 7 (0x0f86 -> 0x0f8d) 02 90 00 00 00 00 01 
103513d103473
< P   92 | zjmp -7 OK
103647,103648d103606
< P   92 | ld 0 r1
< ADV 7 (0x0f86 -> 0x0f8d) 02 90 00 00 00 00 01 
103913a103872
> P   92 | zjmp -7 OK
104041a104001,104002
> P   92 | ld 0 r1
> ADV 7 (0x0f86 -> 0x0f8d) 02 90 00 00 00 00 01 
104156d104116
< P   92 | zjmp -7 OK
104278,104279d104237
< P   92 | ld 0 r1
< ADV 7 (0x0f86 -> 0x0f8d) 02 90 00 00 00 00 01 
104532a104491
> P   92 | zjmp -7 OK
104663a104623,104624
> P   92 | ld 0 r1
> ADV 7 (0x0f86 -> 0x0f8d) 02 90 00 00 00 00 01 
104801d104761
< P   92 | zjmp -7 OK
104825,104826c104785,104786
< Process 101 hasn't lived for 12774 cycles (CTD 1236)
< Process 92 hasn't lived for 12774 cycles (CTD 1236)
---
> Process 101 hasn't lived for 1779 cycles (CTD 1236)
> Process 92 hasn't lived for 2389 cycles (CTD 1236)
110738,110742c110698,110702
< ÿADV 3 (0x007e -> 0x0081) 10 40 01 
< ÿADV 3 (0x007e -> 0x0081) 10 40 01 
< ÿADV 3 (0x007e -> 0x0081) 10 40 01 
< ÿADV 3 (0x007e -> 0x0081) 10 40 01 
< ÿADV 3 (0x007e -> 0x0081) 10 40 01 
---
> ADV 3 (0x007e -> 0x0081) 10 40 01 
> ADV 3 (0x007e -> 0x0081) 10 40 01 
> ADV 3 (0x007e -> 0x0081) 10 40 01 
> ADV 3 (0x007e -> 0x0081) 10 40 01 
> ADV 3 (0x007e -> 0x0081) 10 40 01 
132849,132850d132808
< P  121 | ld 0 r1
< ADV 7 (0x0f86 -> 0x0f8d) 02 90 00 00 00 00 01 
133418,133423c133376,133380
< P  121 | zjmp -7 OK
< ÿADV 3 (0x007e -> 0x0081) 10 40 01 
< ÿADV 3 (0x007e -> 0x0081) 10 40 01 
< ÿADV 3 (0x007e -> 0x0081) 10 40 01 
< ÿADV 3 (0x007e -> 0x0081) 10 40 01 
< ÿADV 3 (0x007e -> 0x0081) 10 40 01 
---
> ADV 3 (0x007e -> 0x0081) 10 40 01 
> ADV 3 (0x007e -> 0x0081) 10 40 01 
> ADV 3 (0x007e -> 0x0081) 10 40 01 
> ADV 3 (0x007e -> 0x0081) 10 40 01 
> ADV 3 (0x007e -> 0x0081) 10 40 01 
133444c133401
< ÿADV 3 (0x007e -> 0x0081) 10 40 01 
---
> ADV 3 (0x007e -> 0x0081) 10 40 01 
133575,133576d133531
< P  121 | ld 0 r1
< ADV 7 (0x0f86 -> 0x0f8d) 02 90 00 00 00 00 01 
134204d134158
< P  121 | zjmp -7 OK
134348,134349d134301
< P  121 | ld 0 r1
< ADV 7 (0x0f86 -> 0x0f8d) 02 90 00 00 00 00 01 
134969d134920
< P  121 | zjmp -7 OK
135117,135118d135067
< P  121 | ld 0 r1
< ADV 7 (0x0f86 -> 0x0f8d) 02 90 00 00 00 00 01 
135715d135663
< P  121 | zjmp -7 OK
135870,135871d135817
< P  121 | ld 0 r1
< ADV 7 (0x0f86 -> 0x0f8d) 02 90 00 00 00 00 01 
136308a136255,136256
> P  121 | ld 0 r1
> ADV 7 (0x0f86 -> 0x0f8d) 02 90 00 00 00 00 01 
136452d136399
< P  121 | zjmp -7 OK
136605,136606d136551
< P  121 | ld 0 r1
< ADV 7 (0x0f86 -> 0x0f8d) 02 90 00 00 00 00 01 
136920a136866
> P  121 | zjmp -7 OK
137084a137031,137032
> P  121 | ld 0 r1
> ADV 7 (0x0f86 -> 0x0f8d) 02 90 00 00 00 00 01 
137231d137178
< P  121 | zjmp -7 OK
137372,137373d137318
< P  121 | ld 0 r1
< ADV 7 (0x0f86 -> 0x0f8d) 02 90 00 00 00 00 01 
137662a137608
> P  121 | zjmp -7 OK
137815,137817c137761,137763
< Process 131 hasn't lived for 13960 cycles (CTD 1186)
< Process 121 hasn't lived for 13960 cycles (CTD 1186)
< Process 114 hasn't lived for 13960 cycles (CTD 1186)
---
> Process 131 hasn't lived for 1345 cycles (CTD 1186)
> Process 121 hasn't lived for 1955 cycles (CTD 1186)
> Process 114 hasn't lived for 2355 cycles (CTD 1186)
159245,159250c159191,159196
< ÿADV 3 (0x007e -> 0x0081) 10 40 01 
< ÿADV 3 (0x007e -> 0x0081) 10 40 01 
< ÿADV 3 (0x007e -> 0x0081) 10 40 01 
< ÿADV 3 (0x007e -> 0x0081) 10 40 01 
< ÿADV 3 (0x007e -> 0x0081) 10 40 01 
< ÿADV 3 (0x007e -> 0x0081) 10 40 01 
---
> ADV 3 (0x007e -> 0x0081) 10 40 01 
> ADV 3 (0x007e -> 0x0081) 10 40 01 
> ADV 3 (0x007e -> 0x0081) 10 40 01 
> ADV 3 (0x007e -> 0x0081) 10 40 01 
> ADV 3 (0x007e -> 0x0081) 10 40 01 
> ADV 3 (0x007e -> 0x0081) 10 40 01 
175730,175731c175676,175677
< Process 154 hasn't lived for 15096 cycles (CTD 1136)
< Process 145 hasn't lived for 15096 cycles (CTD 1136)
---
> Process 154 hasn't lived for 1471 cycles (CTD 1136)
> Process 145 hasn't lived for 1871 cycles (CTD 1136)
188359,188364c188305,188310
< ÿADV 3 (0x007e -> 0x0081) 10 40 01 
< ÿADV 3 (0x007e -> 0x0081) 10 40 01 
< ÿADV 3 (0x007e -> 0x0081) 10 40 01 
< ÿADV 3 (0x007e -> 0x0081) 10 40 01 
< ÿADV 3 (0x007e -> 0x0081) 10 40 01 
< ÿADV 3 (0x007e -> 0x0081) 10 40 01 
---
> ADV 3 (0x007e -> 0x0081) 10 40 01 
> ADV 3 (0x007e -> 0x0081) 10 40 01 
> ADV 3 (0x007e -> 0x0081) 10 40 01 
> ADV 3 (0x007e -> 0x0081) 10 40 01 
> ADV 3 (0x007e -> 0x0081) 10 40 01 
> ADV 3 (0x007e -> 0x0081) 10 40 01 
188390c188336
< ÿADV 3 (0x007e -> 0x0081) 10 40 01 
---
> ADV 3 (0x007e -> 0x0081) 10 40 01 
218357,218358c218303,218304
< Process 180 hasn't lived for 16182 cycles (CTD 1086)
< Process 165 hasn't lived for 16182 cycles (CTD 1086)
---
> Process 180 hasn't lived for 1337 cycles (CTD 1086)
> Process 165 hasn't lived for 1947 cycles (CTD 1086)
221020,221026c220966,220972
< ÿADV 3 (0x007e -> 0x0081) 10 40 01 
< ÿADV 3 (0x007e -> 0x0081) 10 40 01 
< ÿADV 3 (0x007e -> 0x0081) 10 40 01 
< ÿADV 3 (0x007e -> 0x0081) 10 40 01 
< ÿADV 3 (0x007e -> 0x0081) 10 40 01 
< ÿADV 3 (0x007e -> 0x0081) 10 40 01 
< ÿADV 3 (0x007e -> 0x0081) 10 40 01 
---
> ADV 3 (0x007e -> 0x0081) 10 40 01 
> ADV 3 (0x007e -> 0x0081) 10 40 01 
> ADV 3 (0x007e -> 0x0081) 10 40 01 
> ADV 3 (0x007e -> 0x0081) 10 40 01 
> ADV 3 (0x007e -> 0x0081) 10 40 01 
> ADV 3 (0x007e -> 0x0081) 10 40 01 
> ADV 3 (0x007e -> 0x0081) 10 40 01 
256485,256486d256430
< P  191 | ld 0 r1
< ADV 7 (0x0f86 -> 0x0f8d) 02 90 00 00 00 00 01 
257404,257411c257348,257354
< P  191 | zjmp -7 OK
< ÿADV 3 (0x007e -> 0x0081) 10 40 01 
< ÿADV 3 (0x007e -> 0x0081) 10 40 01 
< ÿADV 3 (0x007e -> 0x0081) 10 40 01 
< ÿADV 3 (0x007e -> 0x0081) 10 40 01 
< ÿADV 3 (0x007e -> 0x0081) 10 40 01 
< ÿADV 3 (0x007e -> 0x0081) 10 40 01 
< ÿADV 3 (0x007e -> 0x0081) 10 40 01 
---
> ADV 3 (0x007e -> 0x0081) 10 40 01 
> ADV 3 (0x007e -> 0x0081) 10 40 01 
> ADV 3 (0x007e -> 0x0081) 10 40 01 
> ADV 3 (0x007e -> 0x0081) 10 40 01 
> ADV 3 (0x007e -> 0x0081) 10 40 01 
> ADV 3 (0x007e -> 0x0081) 10 40 01 
> ADV 3 (0x007e -> 0x0081) 10 40 01 
257442c257385
< ÿADV 3 (0x007e -> 0x0081) 10 40 01 
---
> ADV 3 (0x007e -> 0x0081) 10 40 01 
257649,257650d257591
< P  191 | ld 0 r1
< ADV 7 (0x0f86 -> 0x0f8d) 02 90 00 00 00 00 01 
258639d258579
< P  191 | zjmp -7 OK
258869,258870d258808
< P  191 | ld 0 r1
< ADV 7 (0x0f86 -> 0x0f8d) 02 90 00 00 00 00 01 
259842d259779
< P  191 | zjmp -7 OK
260079,260080d260015
< P  191 | ld 0 r1
< ADV 7 (0x0f86 -> 0x0f8d) 02 90 00 00 00 00 01 
261025d260959
< P  191 | zjmp -7 OK
261269,261270d261202
< P  191 | ld 0 r1
< ADV 7 (0x0f86 -> 0x0f8d) 02 90 00 00 00 00 01 
261975a261908,261909
> P  191 | ld 0 r1
> ADV 7 (0x0f86 -> 0x0f8d) 02 90 00 00 00 00 01 
262210d262143
< P  191 | zjmp -7 OK
262451,262452d262383
< P  191 | ld 0 r1
< ADV 7 (0x0f86 -> 0x0f8d) 02 90 00 00 00 00 01 
262946a262878
> P  191 | zjmp -7 OK
263199a263132,263133
> P  191 | ld 0 r1
> ADV 7 (0x0f86 -> 0x0f8d) 02 90 00 00 00 00 01 
263436d263369
< P  191 | zjmp -7 OK
263661,263662d263593
< P  191 | ld 0 r1
< ADV 7 (0x0f86 -> 0x0f8d) 02 90 00 00 00 00 01 
264127a264059
> P  191 | zjmp -7 OK
264368a264301,264302
> P  191 | ld 0 r1
> ADV 7 (0x0f86 -> 0x0f8d) 02 90 00 00 00 00 01 
264611d264544
< P  191 | zjmp -7 OK
264864,264865d264796
< P  191 | ld 0 r1
< ADV 7 (0x0f86 -> 0x0f8d) 02 90 00 00 00 00 01 
265145,265146c265076,265077
< Process 203 hasn't lived for 17218 cycles (CTD 1036)
< Process 191 hasn't lived for 17218 cycles (CTD 1036)
---
> Process 203 hasn't lived for 1363 cycles (CTD 1036)
> Process 191 hasn't lived for 1973 cycles (CTD 1036)
297788,297795c297719,297726
< ÿADV 3 (0x007e -> 0x0081) 10 40 01 
< ÿADV 3 (0x007e -> 0x0081) 10 40 01 
< ÿADV 3 (0x007e -> 0x0081) 10 40 01 
< ÿADV 3 (0x007e -> 0x0081) 10 40 01 
< ÿADV 3 (0x007e -> 0x0081) 10 40 01 
< ÿADV 3 (0x007e -> 0x0081) 10 40 01 
< ÿADV 3 (0x007e -> 0x0081) 10 40 01 
< ÿADV 3 (0x007e -> 0x0081) 10 40 01 
---
> ADV 3 (0x007e -> 0x0081) 10 40 01 
> ADV 3 (0x007e -> 0x0081) 10 40 01 
> ADV 3 (0x007e -> 0x0081) 10 40 01 
> ADV 3 (0x007e -> 0x0081) 10 40 01 
> ADV 3 (0x007e -> 0x0081) 10 40 01 
> ADV 3 (0x007e -> 0x0081) 10 40 01 
> ADV 3 (0x007e -> 0x0081) 10 40 01 
> ADV 3 (0x007e -> 0x0081) 10 40 01 
315657,315658c315588,315589
< Process 232 hasn't lived for 18204 cycles (CTD 986)
< Process 219 hasn't lived for 18204 cycles (CTD 986)
---
> Process 232 hasn't lived for 1339 cycles (CTD 986)
> Process 219 hasn't lived for 1739 cycles (CTD 986)
342299,342306c342230,342237
< ÿADV 3 (0x007e -> 0x0081) 10 40 01 
< ÿADV 3 (0x007e -> 0x0081) 10 40 01 
< ÿADV 3 (0x007e -> 0x0081) 10 40 01 
< ÿADV 3 (0x007e -> 0x0081) 10 40 01 
< ÿADV 3 (0x007e -> 0x0081) 10 40 01 
< ÿADV 3 (0x007e -> 0x0081) 10 40 01 
< ÿADV 3 (0x007e -> 0x0081) 10 40 01 
< ÿADV 3 (0x007e -> 0x0081) 10 40 01 
---
> ADV 3 (0x007e -> 0x0081) 10 40 01 
> ADV 3 (0x007e -> 0x0081) 10 40 01 
> ADV 3 (0x007e -> 0x0081) 10 40 01 
> ADV 3 (0x007e -> 0x0081) 10 40 01 
> ADV 3 (0x007e -> 0x0081) 10 40 01 
> ADV 3 (0x007e -> 0x0081) 10 40 01 
> ADV 3 (0x007e -> 0x0081) 10 40 01 
> ADV 3 (0x007e -> 0x0081) 10 40 01 
342342c342273
< ÿADV 3 (0x007e -> 0x0081) 10 40 01 
---
> ADV 3 (0x007e -> 0x0081) 10 40 01 
369792,369793c369723,369724
< Process 262 hasn't lived for 19140 cycles (CTD 936)
< Process 245 hasn't lived for 19140 cycles (CTD 936)
---
> Process 262 hasn't lived for 1055 cycles (CTD 936)
> Process 245 hasn't lived for 1665 cycles (CTD 936)
391206,391214c391137,391145
< ÿADV 3 (0x007e -> 0x0081) 10 40 01 
< ÿADV 3 (0x007e -> 0x0081) 10 40 01 
< ÿADV 3 (0x007e -> 0x0081) 10 40 01 
< ÿADV 3 (0x007e -> 0x0081) 10 40 01 
< ÿADV 3 (0x007e -> 0x0081) 10 40 01 
< ÿADV 3 (0x007e -> 0x0081) 10 40 01 
< ÿADV 3 (0x007e -> 0x0081) 10 40 01 
< ÿADV 3 (0x007e -> 0x0081) 10 40 01 
< ÿADV 3 (0x007e -> 0x0081) 10 40 01 
---
> ADV 3 (0x007e -> 0x0081) 10 40 01 
> ADV 3 (0x007e -> 0x0081) 10 40 01 
> ADV 3 (0x007e -> 0x0081) 10 40 01 
> ADV 3 (0x007e -> 0x0081) 10 40 01 
> ADV 3 (0x007e -> 0x0081) 10 40 01 
> ADV 3 (0x007e -> 0x0081) 10 40 01 
> ADV 3 (0x007e -> 0x0081) 10 40 01 
> ADV 3 (0x007e -> 0x0081) 10 40 01 
> ADV 3 (0x007e -> 0x0081) 10 40 01 
426356c426287
< Process 277 hasn't lived for 20026 cycles (CTD 886)
---
> Process 277 hasn't lived for 1541 cycles (CTD 886)
444676,444684c444607,444615
< ÿADV 3 (0x007e -> 0x0081) 10 40 01 
< ÿADV 3 (0x007e -> 0x0081) 10 40 01 
< ÿADV 3 (0x007e -> 0x0081) 10 40 01 
< ÿADV 3 (0x007e -> 0x0081) 10 40 01 
< ÿADV 3 (0x007e -> 0x0081) 10 40 01 
< ÿADV 3 (0x007e -> 0x0081) 10 40 01 
< ÿADV 3 (0x007e -> 0x0081) 10 40 01 
< ÿADV 3 (0x007e -> 0x0081) 10 40 01 
< ÿADV 3 (0x007e -> 0x0081) 10 40 01 
---
> ADV 3 (0x007e -> 0x0081) 10 40 01 
> ADV 3 (0x007e -> 0x0081) 10 40 01 
> ADV 3 (0x007e -> 0x0081) 10 40 01 
> ADV 3 (0x007e -> 0x0081) 10 40 01 
> ADV 3 (0x007e -> 0x0081) 10 40 01 
> ADV 3 (0x007e -> 0x0081) 10 40 01 
> ADV 3 (0x007e -> 0x0081) 10 40 01 
> ADV 3 (0x007e -> 0x0081) 10 40 01 
> ADV 3 (0x007e -> 0x0081) 10 40 01 
444725c444656
< ÿADV 3 (0x007e -> 0x0081) 10 40 01 
---
> ADV 3 (0x007e -> 0x0081) 10 40 01 
484943c484874
< Process 308 hasn't lived for 20862 cycles (CTD 836)
---
> Process 308 hasn't lived for 1157 cycles (CTD 836)
502971,502980c502902,502911
< ÿADV 3 (0x007e -> 0x0081) 10 40 01 
< ÿADV 3 (0x007e -> 0x0081) 10 40 01 
< ÿADV 3 (0x007e -> 0x0081) 10 40 01 
< ÿADV 3 (0x007e -> 0x0081) 10 40 01 
< ÿADV 3 (0x007e -> 0x0081) 10 40 01 
< ÿADV 3 (0x007e -> 0x0081) 10 40 01 
< ÿADV 3 (0x007e -> 0x0081) 10 40 01 
< ÿADV 3 (0x007e -> 0x0081) 10 40 01 
< ÿADV 3 (0x007e -> 0x0081) 10 40 01 
< ÿADV 3 (0x007e -> 0x0081) 10 40 01 
---
> ADV 3 (0x007e -> 0x0081) 10 40 01 
> ADV 3 (0x007e -> 0x0081) 10 40 01 
> ADV 3 (0x007e -> 0x0081) 10 40 01 
> ADV 3 (0x007e -> 0x0081) 10 40 01 
> ADV 3 (0x007e -> 0x0081) 10 40 01 
> ADV 3 (0x007e -> 0x0081) 10 40 01 
> ADV 3 (0x007e -> 0x0081) 10 40 01 
> ADV 3 (0x007e -> 0x0081) 10 40 01 
> ADV 3 (0x007e -> 0x0081) 10 40 01 
> ADV 3 (0x007e -> 0x0081) 10 40 01 
566143,566152c566074,566083
< ÿADV 3 (0x007e -> 0x0081) 10 40 01 
< ÿADV 3 (0x007e -> 0x0081) 10 40 01 
< ÿADV 3 (0x007e -> 0x0081) 10 40 01 
< ÿADV 3 (0x007e -> 0x0081) 10 40 01 
< ÿADV 3 (0x007e -> 0x0081) 10 40 01 
< ÿADV 3 (0x007e -> 0x0081) 10 40 01 
< ÿADV 3 (0x007e -> 0x0081) 10 40 01 
< ÿADV 3 (0x007e -> 0x0081) 10 40 01 
< ÿADV 3 (0x007e -> 0x0081) 10 40 01 
< ÿADV 3 (0x007e -> 0x0081) 10 40 01 
---
> ADV 3 (0x007e -> 0x0081) 10 40 01 
> ADV 3 (0x007e -> 0x0081) 10 40 01 
> ADV 3 (0x007e -> 0x0081) 10 40 01 
> ADV 3 (0x007e -> 0x0081) 10 40 01 
> ADV 3 (0x007e -> 0x0081) 10 40 01 
> ADV 3 (0x007e -> 0x0081) 10 40 01 
> ADV 3 (0x007e -> 0x0081) 10 40 01 
> ADV 3 (0x007e -> 0x0081) 10 40 01 
> ADV 3 (0x007e -> 0x0081) 10 40 01 
> ADV 3 (0x007e -> 0x0081) 10 40 01 
604670c604601
< Process 355 hasn't lived for 22384 cycles (CTD 736)
---
> Process 355 hasn't lived for 1059 cycles (CTD 736)
633776,633785c633707,633716
< ÿADV 3 (0x007e -> 0x0081) 10 40 01 
< ÿADV 3 (0x007e -> 0x0081) 10 40 01 
< ÿADV 3 (0x007e -> 0x0081) 10 40 01 
< ÿADV 3 (0x007e -> 0x0081) 10 40 01 
< ÿADV 3 (0x007e -> 0x0081) 10 40 01 
< ÿADV 3 (0x007e -> 0x0081) 10 40 01 
< ÿADV 3 (0x007e -> 0x0081) 10 40 01 
< ÿADV 3 (0x007e -> 0x0081) 10 40 01 
< ÿADV 3 (0x007e -> 0x0081) 10 40 01 
< ÿADV 3 (0x007e -> 0x0081) 10 40 01 
---
> ADV 3 (0x007e -> 0x0081) 10 40 01 
> ADV 3 (0x007e -> 0x0081) 10 40 01 
> ADV 3 (0x007e -> 0x0081) 10 40 01 
> ADV 3 (0x007e -> 0x0081) 10 40 01 
> ADV 3 (0x007e -> 0x0081) 10 40 01 
> ADV 3 (0x007e -> 0x0081) 10 40 01 
> ADV 3 (0x007e -> 0x0081) 10 40 01 
> ADV 3 (0x007e -> 0x0081) 10 40 01 
> ADV 3 (0x007e -> 0x0081) 10 40 01 
> ADV 3 (0x007e -> 0x0081) 10 40 01 
663788c663719
< Process 374 hasn't lived for 23070 cycles (CTD 686)
---
> Process 374 hasn't lived for 815 cycles (CTD 686)
704766,704775c704697,704706
< ÿADV 3 (0x007e -> 0x0081) 10 40 01 
< ÿADV 3 (0x007e -> 0x0081) 10 40 01 
< ÿADV 3 (0x007e -> 0x0081) 10 40 01 
< ÿADV 3 (0x007e -> 0x0081) 10 40 01 
< ÿADV 3 (0x007e -> 0x0081) 10 40 01 
< ÿADV 3 (0x007e -> 0x0081) 10 40 01 
< ÿADV 3 (0x007e -> 0x0081) 10 40 01 
< ÿADV 3 (0x007e -> 0x0081) 10 40 01 
< ÿADV 3 (0x007e -> 0x0081) 10 40 01 
< ÿADV 3 (0x007e -> 0x0081) 10 40 01 
---
> ADV 3 (0x007e -> 0x0081) 10 40 01 
> ADV 3 (0x007e -> 0x0081) 10 40 01 
> ADV 3 (0x007e -> 0x0081) 10 40 01 
> ADV 3 (0x007e -> 0x0081) 10 40 01 
> ADV 3 (0x007e -> 0x0081) 10 40 01 
> ADV 3 (0x007e -> 0x0081) 10 40 01 
> ADV 3 (0x007e -> 0x0081) 10 40 01 
> ADV 3 (0x007e -> 0x0081) 10 40 01 
> ADV 3 (0x007e -> 0x0081) 10 40 01 
> ADV 3 (0x007e -> 0x0081) 10 40 01 
